<?xml version="1.0" encoding="UTF-8"?>
<!-- Generated by org.testng.reporters.JUnitReportReporter -->
<testsuite hostname="IATPLL002" failures="0" tests="24" name="globalview_test.Checkout_Test" time="199.832" errors="0" timestamp="2025-03-20T18:33:10 IST" skipped="0">
  <testcase classname="globalview_test.Checkout_Test" name="clickonmyaccount" time="0.297"/>
  <system-out/>
  <testcase classname="globalview_test.Checkout_Test" name="clickonsignIn" time="1.082"/>
  <system-out/>
  <testcase classname="globalview_test.Checkout_Test" name="usernamepass" time="1.231"/>
  <system-out/>
  <testcase classname="globalview_test.Checkout_Test" name="loginaccount" time="3.520"/>
  <system-out/>
  <testcase classname="globalview_test.Checkout_Test" name="shopbrandpartners" time="17.066"/>
  <system-out/>
  <testcase classname="globalview_test.Checkout_Test" name="validatepdppage" time="41.186"/>
  <system-out/>
  <testcase classname="globalview_test.Checkout_Test" name="addsecondproduct" time="13.249"/>
  <system-out/>
  <testcase classname="globalview_test.Checkout_Test" name="validateaddtocart" time="8.971"/>
  <system-out/>
  <testcase classname="globalview_test.Checkout_Test" name="cartcheckout" time="6.467"/>
  <system-out/>
  <testcase classname="globalview_test.Checkout_Test" name="theproductpricesubtotal" time="9.308"/>
  <system-out/>
  <testcase classname="globalview_test.Checkout_Test" name="validatecarttotal" time="2.096"/>
  <system-out/>
  <testcase classname="globalview_test.Checkout_Test" name="validateremoveitem" time="12.724"/>
  <system-out/>
  <testcase classname="globalview_test.Checkout_Test" name="vaidatesubtotalagain" time="6.215"/>
  <system-out/>
  <testcase classname="globalview_test.Checkout_Test" name="validateprintcart" time="9.104"/>
  <system-out/>
  <testcase classname="globalview_test.Checkout_Test" name="securecheckout" time="9.681"/>
  <system-out/>
  <testcase classname="globalview_test.Checkout_Test" name="validatepagetitel" time="2.098"/>
  <system-out/>
  <testcase classname="globalview_test.Checkout_Test" name="ordersummery" time="4.335"/>
  <system-out/>
  <testcase classname="globalview_test.Checkout_Test" name="selectshippingaddress" time="4.367"/>
  <system-out/>
  <testcase classname="globalview_test.Checkout_Test" name="verifynewaddressform" time="4.561"/>
  <system-out/>
  <testcase classname="globalview_test.Checkout_Test" name="selectshipingmethod" time="10.203"/>
  <system-out/>
  <testcase classname="globalview_test.Checkout_Test" name="editponumber" time="11.784"/>
  <system-out/>
  <testcase classname="globalview_test.Checkout_Test" name="validateinfinalcheckout" time="11.994"/>
  <system-out/>
  <testcase classname="globalview_test.Checkout_Test" name="finalcheckout" time="4.296"/>
  <system-out/>
  <testcase classname="globalview_test.Checkout_Test" name="placeorder" time="3.997"/>
  <system-out/>
</testsuite> <!-- globalview_test.Checkout_Test -->
