<?xml version="1.0" encoding="UTF-8"?>
<!-- Generated by org.testng.reporters.JUnitReportReporter -->
<testsuite hostname="IATPLL002" failures="0" tests="1" name="globalview_test.Home_Test" time="0.117" errors="0" timestamp="2024-11-26T00:10:36 IST" skipped="0">
  <testcase classname="globalview_test.Home_Test" name="toverifyTitle" time="0.117"/>
  <system-out/>
</testsuite> <!-- globalview_test.Home_Test -->
