<?xml version="1.0" encoding="UTF-8"?>
<!-- Generated by org.testng.reporters.JUnitReportReporter -->
<testsuite hostname="IATPLL002" failures="0" tests="8" name="globalview_test.HomeLinks_Test" time="126.931" errors="0" timestamp="2025-01-27T17:44:21 IST" skipped="0">
  <testcase classname="globalview_test.HomeLinks_Test" name="gettitle" time="0.302"/>
  <system-out/>
  <testcase classname="globalview_test.HomeLinks_Test" name="verifylogoofpage" time="2.519"/>
  <system-out/>
  <testcase classname="globalview_test.HomeLinks_Test" name="verifyheader" time="24.255"/>
  <system-out/>
  <testcase classname="globalview_test.HomeLinks_Test" name="verifythepage" time="15.175"/>
  <system-out/>
  <testcase classname="globalview_test.HomeLinks_Test" name="verifynewintroimages" time="13.189"/>
  <system-out/>
  <testcase classname="globalview_test.HomeLinks_Test" name="verifybrandpart" time="41.134"/>
  <system-out/>
  <testcase classname="globalview_test.HomeLinks_Test" name="verifyserchbar" time="15.526"/>
  <system-out/>
  <testcase classname="globalview_test.HomeLinks_Test" name="validatesignup" time="14.831"/>
  <system-out/>
</testsuite> <!-- globalview_test.HomeLinks_Test -->
