<?xml version="1.0" encoding="UTF-8"?>
<!-- Generated by org.testng.reporters.JUnitReportReporter -->
<testsuite hostname="IATPLL002" failures="0" tests="11" name="globalview_test.AddtoCart_Test" time="97.877" errors="0" timestamp="2025-02-23T22:36:04 IST" skipped="0">
  <testcase classname="globalview_test.AddtoCart_Test" name="clickonmyaccount" time="0.333"/>
  <system-out/>
  <testcase classname="globalview_test.AddtoCart_Test" name="clickonsignIn" time="1.194"/>
  <system-out/>
  <testcase classname="globalview_test.AddtoCart_Test" name="usernamepass" time="1.435"/>
  <system-out/>
  <testcase classname="globalview_test.AddtoCart_Test" name="loginaccount" time="9.355"/>
  <system-out/>
  <testcase classname="globalview_test.AddtoCart_Test" name="shopbrandpartners" time="22.819"/>
  <system-out/>
  <testcase classname="globalview_test.AddtoCart_Test" name="validatepdppage" time="24.550"/>
  <system-out/>
  <testcase classname="globalview_test.AddtoCart_Test" name="addsecondproduct" time="15.844"/>
  <system-out/>
  <testcase classname="globalview_test.AddtoCart_Test" name="validateaddtocart" time="5.295"/>
  <system-out/>
  <testcase classname="globalview_test.AddtoCart_Test" name="cartcheckout" time="5.515"/>
  <system-out/>
  <testcase classname="globalview_test.AddtoCart_Test" name="theproductpricesubtotal" time="9.392"/>
  <system-out/>
  <testcase classname="globalview_test.AddtoCart_Test" name="validatecarttotal" time="2.145"/>
  <system-out/>
</testsuite> <!-- globalview_test.AddtoCart_Test -->
