<?xml version="1.0" encoding="UTF-8"?>
<!-- Generated by org.testng.reporters.JUnitReportReporter -->
<testsuite hostname="IATPLL002" failures="0" tests="6" name="globalview_test.Register_Test" time="120.799" errors="0" timestamp="2025-03-10T17:06:34 IST" skipped="0">
  <testcase classname="globalview_test.Register_Test" name="clickonMyacount" time="0.300"/>
  <system-out/>
  <testcase classname="globalview_test.Register_Test" name="clickonregister" time="4.158"/>
  <system-out/>
  <testcase classname="globalview_test.Register_Test" name="companydetails" time="37.800"/>
  <system-out/>
  <testcase classname="globalview_test.Register_Test" name="primarydetails" time="2.236"/>
  <system-out/>
  <testcase classname="globalview_test.Register_Test" name="businessoverview" time="36.517"/>
  <system-out/>
  <testcase classname="globalview_test.Register_Test" name="finalreview" time="39.788"/>
  <system-out/>
</testsuite> <!-- globalview_test.Register_Test -->
