<?xml version="1.0" encoding="UTF-8"?>
<!-- Generated by org.testng.reporters.JUnitReportReporter -->
<testsuite hostname="IATPLL002" failures="1" tests="23" name="globalview_test.Checkout_Test" time="186.499" errors="0" timestamp="2025-03-19T16:34:24 IST" skipped="0">
  <testcase classname="globalview_test.Checkout_Test" name="clickonmyaccount" time="0.270"/>
  <system-out/>
  <testcase classname="globalview_test.Checkout_Test" name="clickonsignIn" time="1.073"/>
  <system-out/>
  <testcase classname="globalview_test.Checkout_Test" name="usernamepass" time="1.183"/>
  <system-out/>
  <testcase classname="globalview_test.Checkout_Test" name="loginaccount" time="0.052"/>
  <system-out/>
  <testcase classname="globalview_test.Checkout_Test" name="shopbrandpartners" time="20.491"/>
  <system-out/>
  <testcase classname="globalview_test.Checkout_Test" name="validatepdppage" time="40.455"/>
  <system-out/>
  <testcase classname="globalview_test.Checkout_Test" name="addsecondproduct" time="14.378"/>
  <system-out/>
  <testcase classname="globalview_test.Checkout_Test" name="validateaddtocart" time="9.218"/>
  <system-out/>
  <testcase classname="globalview_test.Checkout_Test" name="cartcheckout" time="9.607"/>
  <system-out/>
  <testcase classname="globalview_test.Checkout_Test" name="theproductpricesubtotal" time="9.329"/>
  <system-out/>
  <testcase classname="globalview_test.Checkout_Test" name="validatecarttotal" time="2.091"/>
  <system-out/>
  <testcase classname="globalview_test.Checkout_Test" name="validateremoveitem" time="11.635"/>
  <system-out/>
  <testcase classname="globalview_test.Checkout_Test" name="vaidatesubtotalagain" time="5.166"/>
  <system-out/>
  <testcase classname="globalview_test.Checkout_Test" name="validateprintcart" time="9.227"/>
  <system-out/>
  <testcase classname="globalview_test.Checkout_Test" name="securecheckout" time="8.352"/>
  <system-out/>
  <testcase classname="globalview_test.Checkout_Test" name="validatepagetitel" time="2.089"/>
  <system-out/>
  <testcase classname="globalview_test.Checkout_Test" name="ordersummery" time="4.381"/>
  <system-out/>
  <testcase classname="globalview_test.Checkout_Test" name="selectshippingaddress" time="4.398"/>
  <system-out/>
  <testcase classname="globalview_test.Checkout_Test" name="verifynewaddressform" time="4.737"/>
  <system-out/>
  <testcase classname="globalview_test.Checkout_Test" name="selectshipingmethod" time="9.363"/>
  <system-out/>
  <testcase classname="globalview_test.Checkout_Test" name="editponumber" time="8.928"/>
  <system-out/>
  <testcase classname="globalview_test.Checkout_Test" name="validateinfinalcheckout" time="6.726">
    <failure message="expected [] but found [SHIPPING ADDRESS]" type="java.lang.AssertionError">
      <![CDATA[java.lang.AssertionError: expected [] but found [SHIPPING ADDRESS]
at org.testng.Assert.fail(Assert.java:99)
at org.testng.Assert.failNotEquals(Assert.java:1037)
at org.testng.Assert.assertEqualsImpl(Assert.java:140)
at org.testng.Assert.assertEquals(Assert.java:122)
at org.testng.Assert.assertEquals(Assert.java:629)
at org.testng.Assert.assertEquals(Assert.java:639)
at globalview_page.Checkout_page.finalcheckoutpagevalidation(Checkout_page.java:406)
at globalview_test.Checkout_Test.validateinfinalcheckout(Checkout_Test.java:150)
at java.base/jdk.internal.reflect.DirectMethodHandleAccessor.invoke(DirectMethodHandleAccessor.java:103)
at java.base/java.lang.reflect.Method.invoke(Method.java:580)
at org.testng.internal.MethodInvocationHelper.invokeMethod(MethodInvocationHelper.java:133)
at org.testng.internal.TestInvoker.invokeMethod(TestInvoker.java:598)
at org.testng.internal.TestInvoker.invokeTestMethod(TestInvoker.java:173)
at org.testng.internal.MethodRunner.runInSequence(MethodRunner.java:46)
at org.testng.internal.TestInvoker$MethodInvocationAgent.invoke(TestInvoker.java:824)
at org.testng.internal.TestInvoker.invokeTestMethods(TestInvoker.java:146)
at org.testng.internal.TestMethodWorker.invokeTestMethods(TestMethodWorker.java:146)
at org.testng.internal.TestMethodWorker.run(TestMethodWorker.java:128)
at java.base/java.util.ArrayList.forEach(ArrayList.java:1596)
at org.testng.TestRunner.privateRun(TestRunner.java:794)
at org.testng.TestRunner.run(TestRunner.java:596)
at org.testng.SuiteRunner.runTest(SuiteRunner.java:377)
at org.testng.SuiteRunner.runSequentially(SuiteRunner.java:371)
at org.testng.SuiteRunner.privateRun(SuiteRunner.java:332)
at org.testng.SuiteRunner.run(SuiteRunner.java:276)
at org.testng.SuiteRunnerWorker.runSuite(SuiteRunnerWorker.java:53)
at org.testng.SuiteRunnerWorker.run(SuiteRunnerWorker.java:96)
at org.testng.TestNG.runSuitesSequentially(TestNG.java:1212)
at org.testng.TestNG.runSuitesLocally(TestNG.java:1134)
at org.testng.TestNG.runSuites(TestNG.java:1063)
at org.testng.TestNG.run(TestNG.java:1031)
at org.testng.remote.AbstractRemoteTestNG.run(AbstractRemoteTestNG.java:115)
at org.testng.remote.RemoteTestNG.initAndRun(RemoteTestNG.java:293)
at org.testng.remote.RemoteTestNG.main(RemoteTestNG.java:91)
]]>
    </failure>
  </testcase> <!-- validateinfinalcheckout -->
  <system-out/>
  <testcase classname="globalview_test.Checkout_Test" name="finalcheckout" time="3.350"/>
  <system-out/>
</testsuite> <!-- globalview_test.Checkout_Test -->
