<?xml version="1.0" encoding="UTF-8"?>
<!-- Generated by org.testng.reporters.JUnitReportReporter -->
<testsuite hostname="IATPLL002" failures="0" tests="5" name="globalview_test.Register_Test" time="24.716" errors="0" timestamp="2024-12-17T23:28:31 IST" skipped="0">
  <testcase classname="globalview_test.Register_Test" name="clickonMyacount" time="0.247"/>
  <system-out/>
  <testcase classname="globalview_test.Register_Test" name="clickonregister" time="3.377"/>
  <system-out/>
  <testcase classname="globalview_test.Register_Test" name="companydetails" time="7.562"/>
  <system-out/>
  <testcase classname="globalview_test.Register_Test" name="primarydetails" time="3.152"/>
  <system-out/>
  <testcase classname="globalview_test.Register_Test" name="businessoverview" time="10.378"/>
  <system-out/>
</testsuite> <!-- globalview_test.Register_Test -->
