<?xml version="1.0" encoding="UTF-8"?>
<!-- Generated by org.testng.reporters.JUnitReportReporter -->
<testsuite hostname="IATPLL002" failures="0" tests="18" name="globalview_test.AddtoCart_Test" time="143.324" errors="0" timestamp="2025-02-28T12:22:33 IST" skipped="0">
  <testcase classname="globalview_test.AddtoCart_Test" name="clickonmyaccount" time="0.275"/>
  <system-out/>
  <testcase classname="globalview_test.AddtoCart_Test" name="clickonsignIn" time="1.077"/>
  <system-out/>
  <testcase classname="globalview_test.AddtoCart_Test" name="usernamepass" time="1.221"/>
  <system-out/>
  <testcase classname="globalview_test.AddtoCart_Test" name="loginaccount" time="3.008"/>
  <system-out/>
  <testcase classname="globalview_test.AddtoCart_Test" name="shopbrandpartners" time="13.272"/>
  <system-out/>
  <testcase classname="globalview_test.AddtoCart_Test" name="validatepdppage" time="37.301"/>
  <system-out/>
  <testcase classname="globalview_test.AddtoCart_Test" name="addsecondproduct" time="13.053"/>
  <system-out/>
  <testcase classname="globalview_test.AddtoCart_Test" name="validateaddtocart" time="4.227"/>
  <system-out/>
  <testcase classname="globalview_test.AddtoCart_Test" name="cartcheckout" time="6.351"/>
  <system-out/>
  <testcase classname="globalview_test.AddtoCart_Test" name="theproductpricesubtotal" time="9.353"/>
  <system-out/>
  <testcase classname="globalview_test.AddtoCart_Test" name="validatecarttotal" time="2.115"/>
  <system-out/>
  <testcase classname="globalview_test.AddtoCart_Test" name="validateremoveitem" time="10.958"/>
  <system-out/>
  <testcase classname="globalview_test.AddtoCart_Test" name="vaidatesubtotalagain" time="5.241"/>
  <system-out/>
  <testcase classname="globalview_test.AddtoCart_Test" name="validateprintcart" time="9.296"/>
  <system-out/>
  <testcase classname="globalview_test.AddtoCart_Test" name="securecheckout" time="8.539"/>
  <system-out/>
  <testcase classname="globalview_test.AddtoCart_Test" name="clearcart" time="13.106"/>
  <system-out/>
  <testcase classname="globalview_test.AddtoCart_Test" name="verifypagetitle" time="0.034"/>
  <system-out/>
  <testcase classname="globalview_test.AddtoCart_Test" name="validatelogout" time="4.897"/>
  <system-out/>
</testsuite> <!-- globalview_test.AddtoCart_Test -->
