<?xml version="1.0" encoding="UTF-8"?>
<!-- Generated by org.testng.reporters.JUnitReportReporter -->
<testsuite hostname="IATPLL002" failures="0" tests="13" name="globalview_test.HomeLinks_Test" time="295.127" errors="0" timestamp="2025-02-11T17:38:57 IST" skipped="0">
  <testcase classname="globalview_test.HomeLinks_Test" name="gettitle" time="0.083"/>
  <system-out/>
  <testcase classname="globalview_test.HomeLinks_Test" name="verifylogoofpage" time="1.966"/>
  <system-out/>
  <testcase classname="globalview_test.HomeLinks_Test" name="verifyheader" time="18.288"/>
  <system-out/>
  <testcase classname="globalview_test.HomeLinks_Test" name="verifythepage" time="12.485"/>
  <system-out/>
  <testcase classname="globalview_test.HomeLinks_Test" name="verifynewintroimages" time="11.165"/>
  <system-out/>
  <testcase classname="globalview_test.HomeLinks_Test" name="verifybrandpart" time="38.890"/>
  <system-out/>
  <testcase classname="globalview_test.HomeLinks_Test" name="verifyserchbar" time="12.181"/>
  <system-out/>
  <testcase classname="globalview_test.HomeLinks_Test" name="validatesignup" time="3.457"/>
  <system-out/>
  <testcase classname="globalview_test.HomeLinks_Test" name="validatelinksshopcategory" time="61.999"/>
  <system-out/>
  <testcase classname="globalview_test.HomeLinks_Test" name="validatefooterlinks" time="37.463"/>
  <system-out/>
  <testcase classname="globalview_test.HomeLinks_Test" name="signupupdates" time="16.666"/>
  <system-out/>
  <testcase classname="globalview_test.HomeLinks_Test" name="Validatebrandpartnerinshop" time="57.640"/>
  <system-out/>
  <testcase classname="globalview_test.HomeLinks_Test" name="Validatesocialmedialinks" time="22.844"/>
  <system-out/>
</testsuite> <!-- globalview_test.HomeLinks_Test -->
