<?xml version="1.0" encoding="UTF-8"?>
<!-- Generated by org.testng.reporters.JUnitReportReporter -->
<testsuite hostname="IATPLL002" failures="0" tests="20" name="globalview_test.Checkout_Test" time="160.108" errors="0" timestamp="2025-03-18T17:15:47 IST" skipped="0">
  <testcase classname="globalview_test.Checkout_Test" name="clickonmyaccount" time="0.182"/>
  <system-out/>
  <testcase classname="globalview_test.Checkout_Test" name="clickonsignIn" time="1.068"/>
  <system-out/>
  <testcase classname="globalview_test.Checkout_Test" name="usernamepass" time="1.187"/>
  <system-out/>
  <testcase classname="globalview_test.Checkout_Test" name="loginaccount" time="3.128"/>
  <system-out/>
  <testcase classname="globalview_test.Checkout_Test" name="shopbrandpartners" time="16.013"/>
  <system-out/>
  <testcase classname="globalview_test.Checkout_Test" name="validatepdppage" time="40.073"/>
  <system-out/>
  <testcase classname="globalview_test.Checkout_Test" name="addsecondproduct" time="13.514"/>
  <system-out/>
  <testcase classname="globalview_test.Checkout_Test" name="validateaddtocart" time="8.827"/>
  <system-out/>
  <testcase classname="globalview_test.Checkout_Test" name="cartcheckout" time="6.120"/>
  <system-out/>
  <testcase classname="globalview_test.Checkout_Test" name="theproductpricesubtotal" time="9.276"/>
  <system-out/>
  <testcase classname="globalview_test.Checkout_Test" name="validatecarttotal" time="2.095"/>
  <system-out/>
  <testcase classname="globalview_test.Checkout_Test" name="validateremoveitem" time="11.756"/>
  <system-out/>
  <testcase classname="globalview_test.Checkout_Test" name="vaidatesubtotalagain" time="5.181"/>
  <system-out/>
  <testcase classname="globalview_test.Checkout_Test" name="validateprintcart" time="9.162"/>
  <system-out/>
  <testcase classname="globalview_test.Checkout_Test" name="securecheckout" time="8.559"/>
  <system-out/>
  <testcase classname="globalview_test.Checkout_Test" name="validatepagetitel" time="2.075"/>
  <system-out/>
  <testcase classname="globalview_test.Checkout_Test" name="ordersummery" time="4.340"/>
  <system-out/>
  <testcase classname="globalview_test.Checkout_Test" name="selectshippingaddress" time="4.354"/>
  <system-out/>
  <testcase classname="globalview_test.Checkout_Test" name="verifynewaddressform" time="5.593"/>
  <system-out/>
  <testcase classname="globalview_test.Checkout_Test" name="selectshipingmethod" time="7.605"/>
  <system-out/>
</testsuite> <!-- globalview_test.Checkout_Test -->
