<?xml version="1.0" encoding="UTF-8"?>
<!-- Generated by org.testng.reporters.JUnitReportReporter -->
<testsuite hostname="IATPLL002" failures="0" tests="6" name="globalview_test.Register_Test" time="75.329" errors="0" timestamp="2025-01-07T17:04:50 IST" skipped="0">
  <testcase classname="globalview_test.Register_Test" name="clickonMyacount" time="0.298"/>
  <system-out/>
  <testcase classname="globalview_test.Register_Test" name="clickonregister" time="3.885"/>
  <system-out/>
  <testcase classname="globalview_test.Register_Test" name="companydetails" time="6.031"/>
  <system-out/>
  <testcase classname="globalview_test.Register_Test" name="primarydetails" time="2.308"/>
  <system-out/>
  <testcase classname="globalview_test.Register_Test" name="businessoverview" time="34.694"/>
  <system-out/>
  <testcase classname="globalview_test.Register_Test" name="finalreview" time="28.113"/>
  <system-out/>
</testsuite> <!-- globalview_test.Register_Test -->
