<?xml version="1.0" encoding="UTF-8"?>
<!-- Generated by org.testng.reporters.JUnitReportReporter -->
<testsuite hostname="IATPLL002" failures="0" tests="7" name="globalview_test.AddtoCart_Test" time="74.120" errors="0" timestamp="2025-03-12T18:17:38 IST" skipped="0">
  <testcase classname="globalview_test.AddtoCart_Test" name="clickonmyaccount" time="0.306"/>
  <system-out/>
  <testcase classname="globalview_test.AddtoCart_Test" name="clickonsignIn" time="1.180"/>
  <system-out/>
  <testcase classname="globalview_test.AddtoCart_Test" name="usernamepass" time="1.351"/>
  <system-out/>
  <testcase classname="globalview_test.AddtoCart_Test" name="loginaccount" time="3.036"/>
  <system-out/>
  <testcase classname="globalview_test.AddtoCart_Test" name="shopbrandpartners" time="16.337"/>
  <system-out/>
  <testcase classname="globalview_test.AddtoCart_Test" name="validatepdppage" time="38.247"/>
  <system-out/>
  <testcase classname="globalview_test.AddtoCart_Test" name="addsecondproduct" time="13.663"/>
  <system-out/>
</testsuite> <!-- globalview_test.AddtoCart_Test -->
