<?xml version="1.0" encoding="UTF-8"?>
<!-- Generated by org.testng.reporters.JUnitReportReporter -->
<testsuite hostname="IATPLL002" failures="0" tests="1" name="globalview_test.HomeLinks_Test" time="16.614" errors="0" timestamp="2025-01-28T18:35:02 IST" skipped="0">
  <testcase classname="globalview_test.HomeLinks_Test" name="validatelinksshopcategory" time="16.614"/>
  <system-out/>
</testsuite> <!-- globalview_test.HomeLinks_Test -->
