<?xml version="1.0" encoding="UTF-8"?>
<!-- Generated by org.testng.reporters.JUnitReportReporter -->
<testsuite hostname="IATPLL002" failures="0" tests="10" name="globalview_test.AddtoCart_Test" time="75.505" errors="0" timestamp="2025-02-21T15:47:44 IST" skipped="0">
  <testcase classname="globalview_test.AddtoCart_Test" name="clickonmyaccount" time="0.212"/>
  <system-out/>
  <testcase classname="globalview_test.AddtoCart_Test" name="clickonsignIn" time="1.069"/>
  <system-out/>
  <testcase classname="globalview_test.AddtoCart_Test" name="usernamepass" time="1.183"/>
  <system-out/>
  <testcase classname="globalview_test.AddtoCart_Test" name="loginaccount" time="3.669"/>
  <system-out/>
  <testcase classname="globalview_test.AddtoCart_Test" name="shopbrandpartners" time="14.657"/>
  <system-out/>
  <testcase classname="globalview_test.AddtoCart_Test" name="validatepdppage" time="23.463"/>
  <system-out/>
  <testcase classname="globalview_test.AddtoCart_Test" name="addsecondproduct" time="14.725"/>
  <system-out/>
  <testcase classname="globalview_test.AddtoCart_Test" name="validateaddtocart" time="5.187"/>
  <system-out/>
  <testcase classname="globalview_test.AddtoCart_Test" name="cartcheckout" time="7.193"/>
  <system-out/>
  <testcase classname="globalview_test.AddtoCart_Test" name="theproductpricesubtotal" time="4.147"/>
  <system-out/>
</testsuite> <!-- globalview_test.AddtoCart_Test -->
