<?xml version="1.0" encoding="UTF-8"?>
<!-- Generated by org.testng.reporters.JUnitReportReporter -->
<testsuite hostname="IATPLL002" failures="0" tests="11" name="globalview_test.HomeLinks_Test" time="248.662" errors="0" timestamp="2025-02-06T10:15:23 IST" skipped="0">
  <testcase classname="globalview_test.HomeLinks_Test" name="gettitle" time="0.088"/>
  <system-out/>
  <testcase classname="globalview_test.HomeLinks_Test" name="verifylogoofpage" time="1.977"/>
  <system-out/>
  <testcase classname="globalview_test.HomeLinks_Test" name="verifyheader" time="21.159"/>
  <system-out/>
  <testcase classname="globalview_test.HomeLinks_Test" name="verifythepage" time="15.068"/>
  <system-out/>
  <testcase classname="globalview_test.HomeLinks_Test" name="verifynewintroimages" time="11.018"/>
  <system-out/>
  <testcase classname="globalview_test.HomeLinks_Test" name="verifybrandpart" time="31.818"/>
  <system-out/>
  <testcase classname="globalview_test.HomeLinks_Test" name="verifyserchbar" time="12.346"/>
  <system-out/>
  <testcase classname="globalview_test.HomeLinks_Test" name="validatesignup" time="14.304"/>
  <system-out/>
  <testcase classname="globalview_test.HomeLinks_Test" name="validatelinksshopcategory" time="84.756"/>
  <system-out/>
  <testcase classname="globalview_test.HomeLinks_Test" name="validatefooterlinks" time="38.854"/>
  <system-out/>
  <testcase classname="globalview_test.HomeLinks_Test" name="signupupdates" time="17.274"/>
  <system-out/>
</testsuite> <!-- globalview_test.HomeLinks_Test -->
