<?xml version="1.0" encoding="UTF-8"?>
<!-- Generated by org.testng.reporters.JUnitReportReporter -->
<testsuite hostname="IATPLL002" failures="0" tests="5" name="globalview_test.HomeLinks_Test" time="45.813" errors="0" timestamp="2025-01-17T14:39:59 IST" skipped="0">
  <testcase classname="globalview_test.HomeLinks_Test" name="gettitle" time="0.055"/>
  <system-out/>
  <testcase classname="globalview_test.HomeLinks_Test" name="verifylogoofpage" time="2.024"/>
  <system-out/>
  <testcase classname="globalview_test.HomeLinks_Test" name="verifyheader" time="19.373"/>
  <system-out/>
  <testcase classname="globalview_test.HomeLinks_Test" name="verifythepage" time="12.322"/>
  <system-out/>
  <testcase classname="globalview_test.HomeLinks_Test" name="verifynewintroimages" time="12.039"/>
  <system-out/>
</testsuite> <!-- globalview_test.HomeLinks_Test -->
