<?xml version="1.0" encoding="UTF-8"?>
<!-- Generated by org.testng.reporters.JUnitReportReporter -->
<testsuite hostname="IATPLL002" failures="0" tests="17" name="globalview_test.Checkout_Test" time="147.390" errors="0" timestamp="2025-03-05T10:32:33 IST" skipped="0">
  <testcase classname="globalview_test.Checkout_Test" name="clickonmyaccount" time="0.310"/>
  <system-out/>
  <testcase classname="globalview_test.Checkout_Test" name="clickonsignIn" time="1.148"/>
  <system-out/>
  <testcase classname="globalview_test.Checkout_Test" name="usernamepass" time="1.337"/>
  <system-out/>
  <testcase classname="globalview_test.Checkout_Test" name="loginaccount" time="3.369"/>
  <system-out/>
  <testcase classname="globalview_test.Checkout_Test" name="shopbrandpartners" time="16.462"/>
  <system-out/>
  <testcase classname="globalview_test.Checkout_Test" name="validatepdppage" time="40.316"/>
  <system-out/>
  <testcase classname="globalview_test.Checkout_Test" name="addsecondproduct" time="14.969"/>
  <system-out/>
  <testcase classname="globalview_test.Checkout_Test" name="validateaddtocart" time="9.043"/>
  <system-out/>
  <testcase classname="globalview_test.Checkout_Test" name="cartcheckout" time="6.433"/>
  <system-out/>
  <testcase classname="globalview_test.Checkout_Test" name="theproductpricesubtotal" time="9.296"/>
  <system-out/>
  <testcase classname="globalview_test.Checkout_Test" name="validatecarttotal" time="2.086"/>
  <system-out/>
  <testcase classname="globalview_test.Checkout_Test" name="validateremoveitem" time="11.809"/>
  <system-out/>
  <testcase classname="globalview_test.Checkout_Test" name="vaidatesubtotalagain" time="5.140"/>
  <system-out/>
  <testcase classname="globalview_test.Checkout_Test" name="validateprintcart" time="10.360"/>
  <system-out/>
  <testcase classname="globalview_test.Checkout_Test" name="securecheckout" time="8.817"/>
  <system-out/>
  <testcase classname="globalview_test.Checkout_Test" name="validatepagetitel" time="2.079"/>
  <system-out/>
  <testcase classname="globalview_test.Checkout_Test" name="ordersummery" time="4.416"/>
  <system-out/>
</testsuite> <!-- globalview_test.Checkout_Test -->
