<?xml version="1.0" encoding="UTF-8"?>
<!-- Generated by org.testng.reporters.JUnitReportReporter -->
<testsuite hostname="IATPLL002" failures="0" tests="6" name="globalview_test.Register_Test" time="99.576" errors="0" timestamp="2025-01-09T10:54:47 IST" skipped="0">
  <testcase classname="globalview_test.Register_Test" name="clickonMyacount" time="0.223"/>
  <system-out/>
  <testcase classname="globalview_test.Register_Test" name="clickonregister" time="4.476"/>
  <system-out/>
  <testcase classname="globalview_test.Register_Test" name="companydetails" time="7.096"/>
  <system-out/>
  <testcase classname="globalview_test.Register_Test" name="primarydetails" time="2.882"/>
  <system-out/>
  <testcase classname="globalview_test.Register_Test" name="businessoverview" time="41.588"/>
  <system-out/>
  <testcase classname="globalview_test.Register_Test" name="finalreview" time="43.311"/>
  <system-out/>
</testsuite> <!-- globalview_test.Register_Test -->
