<?xml version="1.0" encoding="UTF-8"?>
<!-- Generated by org.testng.reporters.JUnitReportReporter -->
<testsuite hostname="IATPLL002" failures="0" tests="11" name="globalview_test.HomeLinks_Test" time="282.846" errors="0" timestamp="2025-02-05T17:51:13 IST" skipped="0">
  <testcase classname="globalview_test.HomeLinks_Test" name="gettitle" time="0.094"/>
  <system-out/>
  <testcase classname="globalview_test.HomeLinks_Test" name="verifylogoofpage" time="1.993"/>
  <system-out/>
  <testcase classname="globalview_test.HomeLinks_Test" name="verifyheader" time="19.604"/>
  <system-out/>
  <testcase classname="globalview_test.HomeLinks_Test" name="verifythepage" time="15.926"/>
  <system-out/>
  <testcase classname="globalview_test.HomeLinks_Test" name="verifynewintroimages" time="11.086"/>
  <system-out/>
  <testcase classname="globalview_test.HomeLinks_Test" name="verifybrandpart" time="40.578"/>
  <system-out/>
  <testcase classname="globalview_test.HomeLinks_Test" name="verifyserchbar" time="11.305"/>
  <system-out/>
  <testcase classname="globalview_test.HomeLinks_Test" name="validatesignup" time="18.087"/>
  <system-out/>
  <testcase classname="globalview_test.HomeLinks_Test" name="validatelinksshopcategory" time="109.541"/>
  <system-out/>
  <testcase classname="globalview_test.HomeLinks_Test" name="validatefooterlinks" time="37.440"/>
  <system-out/>
  <testcase classname="globalview_test.HomeLinks_Test" name="signupupdates" time="17.192"/>
  <system-out/>
</testsuite> <!-- globalview_test.HomeLinks_Test -->
