<?xml version="1.0" encoding="UTF-8"?>
<!-- Generated by org.testng.reporters.JUnitReportReporter -->
<testsuite hostname="IATPLL002" failures="0" tests="33" name="globalview_test.SignIn_test" time="54.389" errors="0" timestamp="2024-12-17T22:37:09 IST" skipped="0">
  <testcase classname="globalview_test.SignIn_test" name="ClickonMyaccount" time="2.151"/>
  <system-out/>
  <testcase classname="globalview_test.SignIn_test" name="ClickonMyaccount" time="2.321"/>
  <system-out/>
  <testcase classname="globalview_test.SignIn_test" name="ClickonMyaccount" time="2.153"/>
  <system-out/>
  <testcase classname="globalview_test.SignIn_test" name="clickonSignIn" time="1.158"/>
  <system-out/>
  <testcase classname="globalview_test.SignIn_test" name="clickonSignIn" time="1.190"/>
  <system-out/>
  <testcase classname="globalview_test.SignIn_test" name="clickonSignIn" time="1.267"/>
  <system-out/>
  <testcase classname="globalview_test.SignIn_test" name="username" time="0.254"/>
  <system-out/>
  <testcase classname="globalview_test.SignIn_test" name="username" time="0.362"/>
  <system-out/>
  <testcase classname="globalview_test.SignIn_test" name="username" time="0.097"/>
  <system-out/>
  <testcase classname="globalview_test.SignIn_test" name="password" time="0.061"/>
  <system-out/>
  <testcase classname="globalview_test.SignIn_test" name="password" time="0.314"/>
  <system-out/>
  <testcase classname="globalview_test.SignIn_test" name="password" time="0.465"/>
  <system-out/>
  <testcase classname="globalview_test.SignIn_test" name="login" time="2.579"/>
  <system-out/>
  <testcase classname="globalview_test.SignIn_test" name="login" time="3.091"/>
  <system-out/>
  <testcase classname="globalview_test.SignIn_test" name="login" time="3.638"/>
  <system-out/>
  <testcase classname="globalview_test.SignIn_test" name="uname" time="0.186"/>
  <system-out/>
  <testcase classname="globalview_test.SignIn_test" name="uname" time="0.509"/>
  <system-out/>
  <testcase classname="globalview_test.SignIn_test" name="uname" time="0.398"/>
  <system-out/>
  <testcase classname="globalview_test.SignIn_test" name="pass1" time="0.157"/>
  <system-out/>
  <testcase classname="globalview_test.SignIn_test" name="pass1" time="0.152"/>
  <system-out/>
  <testcase classname="globalview_test.SignIn_test" name="pass1" time="0.073"/>
  <system-out/>
  <testcase classname="globalview_test.SignIn_test" name="login2" time="2.411"/>
  <system-out/>
  <testcase classname="globalview_test.SignIn_test" name="login2" time="2.666"/>
  <system-out/>
  <testcase classname="globalview_test.SignIn_test" name="login2" time="2.640"/>
  <system-out/>
  <testcase classname="globalview_test.SignIn_test" name="uname2" time="0.289"/>
  <system-out/>
  <testcase classname="globalview_test.SignIn_test" name="uname2" time="0.771"/>
  <system-out/>
  <testcase classname="globalview_test.SignIn_test" name="uname2" time="0.564"/>
  <system-out/>
  <testcase classname="globalview_test.SignIn_test" name="login3" time="2.943"/>
  <system-out/>
  <testcase classname="globalview_test.SignIn_test" name="login3" time="2.592"/>
  <system-out/>
  <testcase classname="globalview_test.SignIn_test" name="login3" time="2.714"/>
  <system-out/>
  <testcase classname="globalview_test.SignIn_test" name="logout" time="4.846"/>
  <system-out/>
  <testcase classname="globalview_test.SignIn_test" name="logout" time="4.809"/>
  <system-out/>
  <testcase classname="globalview_test.SignIn_test" name="logout" time="4.568"/>
  <system-out/>
</testsuite> <!-- globalview_test.SignIn_test -->
