<?xml version="1.0" encoding="UTF-8"?>
<!-- Generated by org.testng.reporters.JUnitReportReporter -->
<testsuite hostname="IATPLL002" failures="0" tests="13" name="globalview_test.HomeLinks_Test" time="315.975" errors="0" timestamp="2025-02-20T14:19:20 IST" skipped="0">
  <testcase classname="globalview_test.HomeLinks_Test" name="gettitle" time="0.081"/>
  <system-out/>
  <testcase classname="globalview_test.HomeLinks_Test" name="verifylogoofpage" time="2.319"/>
  <system-out/>
  <testcase classname="globalview_test.HomeLinks_Test" name="verifynewintroimages" time="12.609"/>
  <system-out/>
  <testcase classname="globalview_test.HomeLinks_Test" name="verifyheader" time="22.060"/>
  <system-out/>
  <testcase classname="globalview_test.HomeLinks_Test" name="verifythepage" time="30.624"/>
  <system-out/>
  <testcase classname="globalview_test.HomeLinks_Test" name="verifybrandpart" time="39.573"/>
  <system-out/>
  <testcase classname="globalview_test.HomeLinks_Test" name="verifyserchbar" time="14.951"/>
  <system-out/>
  <testcase classname="globalview_test.HomeLinks_Test" name="validatesignup" time="3.482"/>
  <system-out/>
  <testcase classname="globalview_test.HomeLinks_Test" name="validatelinksshopcategory" time="20.656"/>
  <system-out/>
  <testcase classname="globalview_test.HomeLinks_Test" name="validatefooterlinks" time="45.149"/>
  <system-out/>
  <testcase classname="globalview_test.HomeLinks_Test" name="signupupdates" time="17.916"/>
  <system-out/>
  <testcase classname="globalview_test.HomeLinks_Test" name="Validatebrandpartnerinshop" time="82.946"/>
  <system-out/>
  <testcase classname="globalview_test.HomeLinks_Test" name="Validatesocialmedialinks" time="23.609"/>
  <system-out/>
</testsuite> <!-- globalview_test.HomeLinks_Test -->
