<?xml version="1.0" encoding="UTF-8"?>
<!-- Generated by org.testng.reporters.JUnitReportReporter -->
<testsuite hostname="IATPLL002" failures="0" tests="33" name="globalview_test.SignIn_test" time="57.177" errors="0" timestamp="2024-12-26T14:18:01 IST" skipped="0">
  <testcase classname="globalview_test.SignIn_test" name="ClickonMyaccount" time="2.105"/>
  <system-out/>
  <testcase classname="globalview_test.SignIn_test" name="ClickonMyaccount" time="2.263"/>
  <system-out/>
  <testcase classname="globalview_test.SignIn_test" name="ClickonMyaccount" time="2.363"/>
  <system-out/>
  <testcase classname="globalview_test.SignIn_test" name="clickonSignIn" time="1.112"/>
  <system-out/>
  <testcase classname="globalview_test.SignIn_test" name="clickonSignIn" time="1.143"/>
  <system-out/>
  <testcase classname="globalview_test.SignIn_test" name="clickonSignIn" time="1.277"/>
  <system-out/>
  <testcase classname="globalview_test.SignIn_test" name="username" time="0.217"/>
  <system-out/>
  <testcase classname="globalview_test.SignIn_test" name="username" time="0.108"/>
  <system-out/>
  <testcase classname="globalview_test.SignIn_test" name="username" time="0.795"/>
  <system-out/>
  <testcase classname="globalview_test.SignIn_test" name="password" time="0.174"/>
  <system-out/>
  <testcase classname="globalview_test.SignIn_test" name="password" time="0.354"/>
  <system-out/>
  <testcase classname="globalview_test.SignIn_test" name="password" time="0.050"/>
  <system-out/>
  <testcase classname="globalview_test.SignIn_test" name="login" time="7.183"/>
  <system-out/>
  <testcase classname="globalview_test.SignIn_test" name="login" time="2.594"/>
  <system-out/>
  <testcase classname="globalview_test.SignIn_test" name="login" time="3.281"/>
  <system-out/>
  <testcase classname="globalview_test.SignIn_test" name="uname" time="0.193"/>
  <system-out/>
  <testcase classname="globalview_test.SignIn_test" name="uname" time="0.228"/>
  <system-out/>
  <testcase classname="globalview_test.SignIn_test" name="uname" time="0.284"/>
  <system-out/>
  <testcase classname="globalview_test.SignIn_test" name="pass1" time="0.223"/>
  <system-out/>
  <testcase classname="globalview_test.SignIn_test" name="pass1" time="0.083"/>
  <system-out/>
  <testcase classname="globalview_test.SignIn_test" name="pass1" time="0.084"/>
  <system-out/>
  <testcase classname="globalview_test.SignIn_test" name="login2" time="2.340"/>
  <system-out/>
  <testcase classname="globalview_test.SignIn_test" name="login2" time="2.316"/>
  <system-out/>
  <testcase classname="globalview_test.SignIn_test" name="login2" time="2.783"/>
  <system-out/>
  <testcase classname="globalview_test.SignIn_test" name="uname2" time="0.354"/>
  <system-out/>
  <testcase classname="globalview_test.SignIn_test" name="uname2" time="0.263"/>
  <system-out/>
  <testcase classname="globalview_test.SignIn_test" name="uname2" time="0.327"/>
  <system-out/>
  <testcase classname="globalview_test.SignIn_test" name="login3" time="2.472"/>
  <system-out/>
  <testcase classname="globalview_test.SignIn_test" name="login3" time="2.452"/>
  <system-out/>
  <testcase classname="globalview_test.SignIn_test" name="login3" time="4.594"/>
  <system-out/>
  <testcase classname="globalview_test.SignIn_test" name="logout" time="4.457"/>
  <system-out/>
  <testcase classname="globalview_test.SignIn_test" name="logout" time="4.427"/>
  <system-out/>
  <testcase classname="globalview_test.SignIn_test" name="logout" time="4.278"/>
  <system-out/>
</testsuite> <!-- globalview_test.SignIn_test -->
