<?xml version="1.0" encoding="UTF-8"?>
<!-- Generated by org.testng.reporters.JUnitReportReporter -->
<testsuite hostname="IATPLL002" failures="0" tests="18" name="globalview_test.AddtoCart_Test" time="160.463" errors="0" timestamp="2025-03-18T12:46:32 IST" skipped="0">
  <testcase classname="globalview_test.AddtoCart_Test" name="clickonmyaccount" time="0.382"/>
  <system-out/>
  <testcase classname="globalview_test.AddtoCart_Test" name="clickonsignIn" time="1.082"/>
  <system-out/>
  <testcase classname="globalview_test.AddtoCart_Test" name="usernamepass" time="1.194"/>
  <system-out/>
  <testcase classname="globalview_test.AddtoCart_Test" name="loginaccount" time="3.651"/>
  <system-out/>
  <testcase classname="globalview_test.AddtoCart_Test" name="shopbrandpartners" time="17.628"/>
  <system-out/>
  <testcase classname="globalview_test.AddtoCart_Test" name="validatepdppage" time="40.691"/>
  <system-out/>
  <testcase classname="globalview_test.AddtoCart_Test" name="addsecondproduct" time="13.099"/>
  <system-out/>
  <testcase classname="globalview_test.AddtoCart_Test" name="validateaddtocart" time="8.726"/>
  <system-out/>
  <testcase classname="globalview_test.AddtoCart_Test" name="cartcheckout" time="7.307"/>
  <system-out/>
  <testcase classname="globalview_test.AddtoCart_Test" name="theproductpricesubtotal" time="9.240"/>
  <system-out/>
  <testcase classname="globalview_test.AddtoCart_Test" name="validatecarttotal" time="2.074"/>
  <system-out/>
  <testcase classname="globalview_test.AddtoCart_Test" name="validateremoveitem" time="12.947"/>
  <system-out/>
  <testcase classname="globalview_test.AddtoCart_Test" name="vaidatesubtotalagain" time="5.164"/>
  <system-out/>
  <testcase classname="globalview_test.AddtoCart_Test" name="validateprintcart" time="9.210"/>
  <system-out/>
  <testcase classname="globalview_test.AddtoCart_Test" name="securecheckout" time="8.686"/>
  <system-out/>
  <testcase classname="globalview_test.AddtoCart_Test" name="clearcart" time="11.890"/>
  <system-out/>
  <testcase classname="globalview_test.AddtoCart_Test" name="verifypagetitle" time="0.024"/>
  <system-out/>
  <testcase classname="globalview_test.AddtoCart_Test" name="validatelogout" time="7.468"/>
  <system-out/>
</testsuite> <!-- globalview_test.AddtoCart_Test -->
