<?xml version="1.0" encoding="UTF-8"?>
<!-- Generated by org.testng.reporters.JUnitReportReporter -->
<testsuite hostname="IATPLL002" failures="0" tests="6" name="globalview_test.Register_Test" time="126.099" errors="0" timestamp="2025-02-20T14:13:05 IST" skipped="0">
  <testcase classname="globalview_test.Register_Test" name="clickonMyacount" time="0.331"/>
  <system-out/>
  <testcase classname="globalview_test.Register_Test" name="clickonregister" time="3.910"/>
  <system-out/>
  <testcase classname="globalview_test.Register_Test" name="companydetails" time="37.819"/>
  <system-out/>
  <testcase classname="globalview_test.Register_Test" name="primarydetails" time="3.297"/>
  <system-out/>
  <testcase classname="globalview_test.Register_Test" name="businessoverview" time="41.049"/>
  <system-out/>
  <testcase classname="globalview_test.Register_Test" name="finalreview" time="39.693"/>
  <system-out/>
</testsuite> <!-- globalview_test.Register_Test -->
