<?xml version="1.0" encoding="UTF-8"?>
<!-- Generated by org.testng.reporters.JUnitReportReporter -->
<testsuite hostname="IATPLL002" failures="0" tests="23" name="globalview_test.Checkout_Test" time="204.680" errors="0" timestamp="2025-03-20T15:21:21 IST" skipped="0">
  <testcase classname="globalview_test.Checkout_Test" name="clickonmyaccount" time="0.217"/>
  <system-out/>
  <testcase classname="globalview_test.Checkout_Test" name="clickonsignIn" time="1.071"/>
  <system-out/>
  <testcase classname="globalview_test.Checkout_Test" name="usernamepass" time="1.222"/>
  <system-out/>
  <testcase classname="globalview_test.Checkout_Test" name="loginaccount" time="3.149"/>
  <system-out/>
  <testcase classname="globalview_test.Checkout_Test" name="shopbrandpartners" time="20.162"/>
  <system-out/>
  <testcase classname="globalview_test.Checkout_Test" name="validatepdppage" time="40.220"/>
  <system-out/>
  <testcase classname="globalview_test.Checkout_Test" name="addsecondproduct" time="13.537"/>
  <system-out/>
  <testcase classname="globalview_test.Checkout_Test" name="validateaddtocart" time="8.789"/>
  <system-out/>
  <testcase classname="globalview_test.Checkout_Test" name="cartcheckout" time="6.998"/>
  <system-out/>
  <testcase classname="globalview_test.Checkout_Test" name="theproductpricesubtotal" time="9.326"/>
  <system-out/>
  <testcase classname="globalview_test.Checkout_Test" name="validatecarttotal" time="2.114"/>
  <system-out/>
  <testcase classname="globalview_test.Checkout_Test" name="validateremoveitem" time="12.841"/>
  <system-out/>
  <testcase classname="globalview_test.Checkout_Test" name="vaidatesubtotalagain" time="6.183"/>
  <system-out/>
  <testcase classname="globalview_test.Checkout_Test" name="validateprintcart" time="9.363"/>
  <system-out/>
  <testcase classname="globalview_test.Checkout_Test" name="securecheckout" time="10.755"/>
  <system-out/>
  <testcase classname="globalview_test.Checkout_Test" name="validatepagetitel" time="2.093"/>
  <system-out/>
  <testcase classname="globalview_test.Checkout_Test" name="ordersummery" time="4.432"/>
  <system-out/>
  <testcase classname="globalview_test.Checkout_Test" name="selectshippingaddress" time="4.427"/>
  <system-out/>
  <testcase classname="globalview_test.Checkout_Test" name="verifynewaddressform" time="5.092"/>
  <system-out/>
  <testcase classname="globalview_test.Checkout_Test" name="selectshipingmethod" time="10.525"/>
  <system-out/>
  <testcase classname="globalview_test.Checkout_Test" name="editponumber" time="15.597"/>
  <system-out/>
  <testcase classname="globalview_test.Checkout_Test" name="validateinfinalcheckout" time="12.225"/>
  <system-out/>
  <testcase classname="globalview_test.Checkout_Test" name="finalcheckout" time="4.342"/>
  <system-out/>
</testsuite> <!-- globalview_test.Checkout_Test -->
