<?xml version="1.0" encoding="UTF-8"?>
<!-- Generated by org.testng.reporters.JUnitReportReporter -->
<testsuite hostname="IATPLL002" failures="0" tests="1" name="globalview_test.HomeLinks_Test" time="45.554" errors="0" timestamp="2025-01-30T18:08:47 IST" skipped="0">
  <testcase classname="globalview_test.HomeLinks_Test" name="validatefooterlinks" time="45.554"/>
  <system-out/>
</testsuite> <!-- globalview_test.HomeLinks_Test -->
