<?xml version="1.0" encoding="UTF-8"?>
<!-- Generated by org.testng.reporters.JUnitReportReporter -->
<testsuite hostname="IATPLL002" failures="0" tests="33" name="globalview_test.SignIn_test" time="53.473" errors="0" timestamp="2024-12-08T12:24:22 IST" skipped="0">
  <testcase classname="globalview_test.SignIn_test" name="ClickonMyaccount" time="2.297"/>
  <system-out/>
  <testcase classname="globalview_test.SignIn_test" name="ClickonMyaccount" time="2.392"/>
  <system-out/>
  <testcase classname="globalview_test.SignIn_test" name="ClickonMyaccount" time="2.183"/>
  <system-out/>
  <testcase classname="globalview_test.SignIn_test" name="clickonSignIn" time="1.308"/>
  <system-out/>
  <testcase classname="globalview_test.SignIn_test" name="clickonSignIn" time="1.210"/>
  <system-out/>
  <testcase classname="globalview_test.SignIn_test" name="clickonSignIn" time="1.267"/>
  <system-out/>
  <testcase classname="globalview_test.SignIn_test" name="username" time="0.271"/>
  <system-out/>
  <testcase classname="globalview_test.SignIn_test" name="username" time="0.218"/>
  <system-out/>
  <testcase classname="globalview_test.SignIn_test" name="username" time="0.273"/>
  <system-out/>
  <testcase classname="globalview_test.SignIn_test" name="password" time="0.158"/>
  <system-out/>
  <testcase classname="globalview_test.SignIn_test" name="password" time="0.218"/>
  <system-out/>
  <testcase classname="globalview_test.SignIn_test" name="password" time="0.081"/>
  <system-out/>
  <testcase classname="globalview_test.SignIn_test" name="login" time="2.041"/>
  <system-out/>
  <testcase classname="globalview_test.SignIn_test" name="login" time="3.126"/>
  <system-out/>
  <testcase classname="globalview_test.SignIn_test" name="login" time="2.901"/>
  <system-out/>
  <testcase classname="globalview_test.SignIn_test" name="uname" time="0.442"/>
  <system-out/>
  <testcase classname="globalview_test.SignIn_test" name="uname" time="0.335"/>
  <system-out/>
  <testcase classname="globalview_test.SignIn_test" name="uname" time="0.212"/>
  <system-out/>
  <testcase classname="globalview_test.SignIn_test" name="pass1" time="0.127"/>
  <system-out/>
  <testcase classname="globalview_test.SignIn_test" name="pass1" time="0.091"/>
  <system-out/>
  <testcase classname="globalview_test.SignIn_test" name="pass1" time="0.147"/>
  <system-out/>
  <testcase classname="globalview_test.SignIn_test" name="login2" time="2.591"/>
  <system-out/>
  <testcase classname="globalview_test.SignIn_test" name="login2" time="1.954"/>
  <system-out/>
  <testcase classname="globalview_test.SignIn_test" name="login2" time="2.633"/>
  <system-out/>
  <testcase classname="globalview_test.SignIn_test" name="uname2" time="0.524"/>
  <system-out/>
  <testcase classname="globalview_test.SignIn_test" name="uname2" time="0.551"/>
  <system-out/>
  <testcase classname="globalview_test.SignIn_test" name="uname2" time="0.493"/>
  <system-out/>
  <testcase classname="globalview_test.SignIn_test" name="login3" time="2.863"/>
  <system-out/>
  <testcase classname="globalview_test.SignIn_test" name="login3" time="4.258"/>
  <system-out/>
  <testcase classname="globalview_test.SignIn_test" name="login3" time="2.344"/>
  <system-out/>
  <testcase classname="globalview_test.SignIn_test" name="logout" time="4.942"/>
  <system-out/>
  <testcase classname="globalview_test.SignIn_test" name="logout" time="4.648"/>
  <system-out/>
  <testcase classname="globalview_test.SignIn_test" name="logout" time="4.374"/>
  <system-out/>
</testsuite> <!-- globalview_test.SignIn_test -->
