<?xml version="1.0" encoding="UTF-8"?>
<!-- Generated by org.testng.reporters.JUnitReportReporter -->
<testsuite hostname="IATPLL002" failures="0" tests="15" name="globalview_test.Checkout_Test" time="132.518" errors="0" timestamp="2025-03-03T14:06:28 IST" skipped="0">
  <testcase classname="globalview_test.Checkout_Test" name="clickonmyaccount" time="0.296"/>
  <system-out/>
  <testcase classname="globalview_test.Checkout_Test" name="clickonsignIn" time="1.073"/>
  <system-out/>
  <testcase classname="globalview_test.Checkout_Test" name="usernamepass" time="1.195"/>
  <system-out/>
  <testcase classname="globalview_test.Checkout_Test" name="loginaccount" time="2.750"/>
  <system-out/>
  <testcase classname="globalview_test.Checkout_Test" name="shopbrandpartners" time="16.155"/>
  <system-out/>
  <testcase classname="globalview_test.Checkout_Test" name="validatepdppage" time="39.247"/>
  <system-out/>
  <testcase classname="globalview_test.Checkout_Test" name="addsecondproduct" time="17.239"/>
  <system-out/>
  <testcase classname="globalview_test.Checkout_Test" name="validateaddtocart" time="4.177"/>
  <system-out/>
  <testcase classname="globalview_test.Checkout_Test" name="cartcheckout" time="5.982"/>
  <system-out/>
  <testcase classname="globalview_test.Checkout_Test" name="theproductpricesubtotal" time="9.233"/>
  <system-out/>
  <testcase classname="globalview_test.Checkout_Test" name="validatecarttotal" time="2.083"/>
  <system-out/>
  <testcase classname="globalview_test.Checkout_Test" name="validateremoveitem" time="10.867"/>
  <system-out/>
  <testcase classname="globalview_test.Checkout_Test" name="vaidatesubtotalagain" time="5.168"/>
  <system-out/>
  <testcase classname="globalview_test.Checkout_Test" name="validateprintcart" time="9.102"/>
  <system-out/>
  <testcase classname="globalview_test.Checkout_Test" name="securecheckout" time="7.951"/>
  <system-out/>
</testsuite> <!-- globalview_test.Checkout_Test -->
