<?xml version="1.0" encoding="UTF-8"?>
<!-- Generated by org.testng.reporters.JUnitReportReporter -->
<testsuite hostname="IATPLL002" failures="0" tests="18" name="globalview_test.Register_Test" time="300.512" errors="0" timestamp="2025-01-09T15:24:31 IST" skipped="0">
  <testcase classname="globalview_test.Register_Test" name="clickonMyacount" time="0.150"/>
  <system-out/>
  <testcase classname="globalview_test.Register_Test" name="clickonMyacount" time="0.254"/>
  <system-out/>
  <testcase classname="globalview_test.Register_Test" name="clickonMyacount" time="0.219"/>
  <system-out/>
  <testcase classname="globalview_test.Register_Test" name="clickonregister" time="4.631"/>
  <system-out/>
  <testcase classname="globalview_test.Register_Test" name="clickonregister" time="3.943"/>
  <system-out/>
  <testcase classname="globalview_test.Register_Test" name="clickonregister" time="3.750"/>
  <system-out/>
  <testcase classname="globalview_test.Register_Test" name="companydetails" time="8.681"/>
  <system-out/>
  <testcase classname="globalview_test.Register_Test" name="companydetails" time="6.889"/>
  <system-out/>
  <testcase classname="globalview_test.Register_Test" name="companydetails" time="6.972"/>
  <system-out/>
  <testcase classname="globalview_test.Register_Test" name="primarydetails" time="3.513"/>
  <system-out/>
  <testcase classname="globalview_test.Register_Test" name="primarydetails" time="3.370"/>
  <system-out/>
  <testcase classname="globalview_test.Register_Test" name="primarydetails" time="2.594"/>
  <system-out/>
  <testcase classname="globalview_test.Register_Test" name="businessoverview" time="40.359"/>
  <system-out/>
  <testcase classname="globalview_test.Register_Test" name="businessoverview" time="44.348"/>
  <system-out/>
  <testcase classname="globalview_test.Register_Test" name="businessoverview" time="41.696"/>
  <system-out/>
  <testcase classname="globalview_test.Register_Test" name="finalreview" time="40.604"/>
  <system-out/>
  <testcase classname="globalview_test.Register_Test" name="finalreview" time="43.393"/>
  <system-out/>
  <testcase classname="globalview_test.Register_Test" name="finalreview" time="45.146"/>
  <system-out/>
</testsuite> <!-- globalview_test.Register_Test -->
