<?xml version="1.0" encoding="UTF-8"?>
<!-- Generated by org.testng.reporters.JUnitReportReporter -->
<testsuite hostname="IATPLL002" failures="0" tests="5" name="globalview_test.Register_Test" time="22.885" errors="0" timestamp="2024-12-11T11:10:06 IST" skipped="0">
  <testcase classname="globalview_test.Register_Test" name="clickonMyacount" time="0.389"/>
  <system-out/>
  <testcase classname="globalview_test.Register_Test" name="clickonregister" time="3.571"/>
  <system-out/>
  <testcase classname="globalview_test.Register_Test" name="companydetails" time="12.450"/>
  <system-out/>
  <testcase classname="globalview_test.Register_Test" name="primarydetails" time="3.539"/>
  <system-out/>
  <testcase classname="globalview_test.Register_Test" name="businessoverview" time="2.936"/>
  <system-out/>
</testsuite> <!-- globalview_test.Register_Test -->
