<?xml version="1.0" encoding="UTF-8"?>
<!-- Generated by org.testng.reporters.JUnitReportReporter -->
<testsuite hostname="IATPLL002" failures="0" tests="3" name="globalview_test.Home_Test" time="0.180" errors="0" timestamp="2024-12-08T12:24:22 IST" skipped="0">
  <testcase classname="globalview_test.Home_Test" name="toverifyTitle" time="0.009"/>
  <system-out/>
  <testcase classname="globalview_test.Home_Test" name="toverifyTitle" time="0.037"/>
  <system-out/>
  <testcase classname="globalview_test.Home_Test" name="toverifyTitle" time="0.134"/>
  <system-out/>
</testsuite> <!-- globalview_test.Home_Test -->
