<?xml version="1.0" encoding="UTF-8"?>
<!-- Generated by org.testng.reporters.JUnitReportReporter -->
<testsuite hostname="IATPLL002" failures="0" tests="1" name="globalview_test.HomeLinks_Test" time="20.812" errors="0" timestamp="2025-02-19T10:38:50 IST" skipped="0">
  <testcase classname="globalview_test.HomeLinks_Test" name="verifyheader" time="20.812"/>
  <system-out/>
</testsuite> <!-- globalview_test.HomeLinks_Test -->
