<?xml version="1.0" encoding="UTF-8"?>
<!-- Generated by org.testng.reporters.JUnitReportReporter -->
<testsuite hostname="IATPLL002" failures="0" tests="11" name="globalview_test.SignIn_test" time="33.995" errors="0" timestamp="2024-11-26T11:45:33 IST" skipped="0">
  <testcase classname="globalview_test.SignIn_test" name="ClickonMyaccount" time="2.211"/>
  <system-out/>
  <testcase classname="globalview_test.SignIn_test" name="clickonSignIn" time="1.169"/>
  <system-out/>
  <testcase classname="globalview_test.SignIn_test" name="username" time="0.406"/>
  <system-out/>
  <testcase classname="globalview_test.SignIn_test" name="password" time="0.157"/>
  <system-out/>
  <testcase classname="globalview_test.SignIn_test" name="login" time="10.057"/>
  <system-out/>
  <testcase classname="globalview_test.SignIn_test" name="uname" time="0.279"/>
  <system-out/>
  <testcase classname="globalview_test.SignIn_test" name="pass1" time="0.151"/>
  <system-out/>
  <testcase classname="globalview_test.SignIn_test" name="login2" time="8.478"/>
  <system-out/>
  <testcase classname="globalview_test.SignIn_test" name="uname2" time="0.290"/>
  <system-out/>
  <testcase classname="globalview_test.SignIn_test" name="pass2" time="0.062"/>
  <system-out/>
  <testcase classname="globalview_test.SignIn_test" name="login3" time="10.735"/>
  <system-out/>
</testsuite> <!-- globalview_test.SignIn_test -->
